#
# An unexpected error has occurred (6)
#
Stack:
/lib/x86_64-linux-gnu/libc.so.6(+0x3ef20) [0x7f5afafc3f20]
/lib/x86_64-linux-gnu/libc.so.6(gsignal+0xc7) [0x7f5afafc3e97]
/lib/x86_64-linux-gnu/libc.so.6(abort+0x141) [0x7f5afafc5801]
/opt/Xilinx/Vivado/2019.1/lib/lnx64.o/libtcl8.5.so(Tcl_PanicVA+0x10e) [0x7f5af62869ae]
/opt/Xilinx/Vivado/2019.1/lib/lnx64.o/libtcl8.5.so(Tcl_Panic+0x8c) [0x7f5af6286abc]
/opt/Xilinx/Vivado/2019.1/lib/lnx64.o/libtcl8.5.so(TclStackFree+0x49) [0x7f5af6250ee9]
/opt/Xilinx/Vivado/2019.1/lib/lnx64.o/libtcl8.5.so(TclEvalObjEx+0x366) [0x7f5af6211446]
/opt/Xilinx/Vivado/2019.1/lib/lnx64.o/librdi_commontasks.so(+0x3c62ca) [0x7f4a7036e2ca]
/opt/Xilinx/Vivado/2019.1/lib/lnx64.o/librdi_common.so(+0x8068e2) [0x7f5afc31d8e2]
/opt/Xilinx/Vivado/2019.1/lib/lnx64.o/libtcl8.5.so(+0x334af) [0x7f5af620f4af]
/opt/Xilinx/Vivado/2019.1/lib/lnx64.o/libtcl8.5.so(+0x34b38) [0x7f5af6210b38]
/opt/Xilinx/Vivado/2019.1/lib/lnx64.o/libtcl8.5.so(Tcl_EvalEx+0x13) [0x7f5af62110a3]
/opt/Xilinx/Vivado/2019.1/lib/lnx64.o/libtcl8.5.so(Tcl_FSEvalFileEx+0x1da) [0x7f5af6275c5a]
/opt/Xilinx/Vivado/2019.1/lib/lnx64.o/librdi_commontasks.so(+0x208e5d) [0x7f4a701b0e5d]
/opt/Xilinx/Vivado/2019.1/lib/lnx64.o/librdi_common.so(+0x8068e2) [0x7f5afc31d8e2]
/opt/Xilinx/Vivado/2019.1/lib/lnx64.o/libtcl8.5.so(+0x334af) [0x7f5af620f4af]
/opt/Xilinx/Vivado/2019.1/lib/lnx64.o/libtcl8.5.so(Tcl_EvalObjv+0x32) [0x7f5af620f5e2]
/opt/Xilinx/Vivado/2019.1/lib/lnx64.o/libtcl8.5.so(TclEvalObjEx+0x322) [0x7f5af6211402]
/opt/Xilinx/Vivado/2019.1/lib/lnx64.o/librdi_commontasks.so(+0x239dba) [0x7f4a701e1dba]
/opt/Xilinx/Vivado/2019.1/lib/lnx64.o/librdi_commontasks.so(+0x23c1fe) [0x7f4a701e41fe]
/opt/Xilinx/Vivado/2019.1/lib/lnx64.o/librdi_common.so(+0x8068e2) [0x7f5afc31d8e2]
/opt/Xilinx/Vivado/2019.1/lib/lnx64.o/libtcl8.5.so(+0x334af) [0x7f5af620f4af]
/opt/Xilinx/Vivado/2019.1/lib/lnx64.o/libtcl8.5.so(+0x76875) [0x7f5af6252875]
/opt/Xilinx/Vivado/2019.1/lib/lnx64.o/libtcl8.5.so(+0x7e029) [0x7f5af625a029]
/opt/Xilinx/Vivado/2019.1/lib/lnx64.o/libtcl8.5.so(TclEvalObjEx+0x76) [0x7f5af6211156]
/opt/Xilinx/Vivado/2019.1/lib/lnx64.o/librdi_commonmain.so(+0x7424) [0x7f5afb913424]
/opt/Xilinx/Vivado/2019.1/lib/lnx64.o/libtcl8.5.so(Tcl_Main+0x1d0) [0x7f5af627c210]
/opt/Xilinx/Vivado/2019.1/lib/lnx64.o/librdi_common.so(+0x84ac9b) [0x7f5afc361c9b]
/lib/x86_64-linux-gnu/libpthread.so.0(+0x76db) [0x7f5afa9616db]
/lib/x86_64-linux-gnu/libc.so.6(clone+0x3f) [0x7f5afb0a688f]
